--2024-05-01 07:05:30--  https://github.com/Gallicorpora/Segmentation-and-HTR-Models/releases/download/1.0.0/Gallicorpora+_best.mlmodel
Resolving github.com (github.com)... 140.82.121.4
Connecting to github.com (github.com)|140.82.121.4|:443... connected.
HTTP request sent, awaiting response... 302 Found
Location: https://objects.githubusercontent.com/github-production-release-asset-2e65be/511433875/9379140d-fc62-41f1-a53e-a9ed4e823bf8?X-Amz-Algorithm=AWS4-HMAC-SHA256&X-Amz-Credential=AKIAVCODYLSA53PQK4ZA%2F20240501%2Fus-east-1%2Fs3%2Faws4_request&X-Amz-Date=20240501T050530Z&X-Amz-Expires=300&X-Amz-Signature=001348fa9d30e8fce0a921771c387d69a261e9b930a122f15a3cb9d0290e30b6&X-Amz-SignedHeaders=host&actor_id=0&key_id=0&repo_id=511433875&response-content-disposition=attachment%3B%20filename%3DGallicorpora%2B_best.mlmodel&response-content-type=application%2Foctet-stream [following]
--2024-05-01 07:05:31--  https://objects.githubusercontent.com/github-production-release-asset-2e65be/511433875/9379140d-fc62-41f1-a53e-a9ed4e823bf8?X-Amz-Algorithm=AWS4-HMAC-SHA256&X-Amz-Credential=AKIAVCODYLSA53PQK4ZA%2F20240501%2Fus-east-1%2Fs3%2Faws4_request&X-Amz-Date=20240501T050530Z&X-Amz-Expires=300&X-Amz-Signature=001348fa9d30e8fce0a921771c387d69a261e9b930a122f15a3cb9d0290e30b6&X-Amz-SignedHeaders=host&actor_id=0&key_id=0&repo_id=511433875&response-content-disposition=attachment%3B%20filename%3DGallicorpora%2B_best.mlmodel&response-content-type=application%2Foctet-stream
Resolving objects.githubusercontent.com (objects.githubusercontent.com)... 185.199.108.133, 185.199.111.133, 185.199.109.133, ...
Connecting to objects.githubusercontent.com (objects.githubusercontent.com)|185.199.108.133|:443... connected.
HTTP request sent, awaiting response... 200 OK
Length: 16216786 (15M) [application/octet-stream]
Saving to: 'Gallicorpora+_best.mlmodel'

     0K .......... .......... .......... .......... ..........  0% 4.20M 4s
    50K .......... .......... .......... .......... ..........  0% 4.30M 4s
   100K .......... .......... .......... .......... ..........  0% 4.07M 4s
   150K .......... .......... .......... .......... ..........  1% 4.44M 4s
   200K .......... .......... .......... .......... ..........  1% 4.41M 4s
   250K .......... .......... .......... .......... ..........  1% 4.47M 4s
   300K .......... .......... .......... .......... ..........  2% 3.94M 4s
   350K .......... .......... .......... .......... ..........  2% 4.54M 4s
   400K .......... .......... .......... .......... ..........  2% 4.62M 3s
   450K .......... .......... .......... .......... ..........  3% 4.60M 3s
   500K .......... .......... .......... .......... ..........  3%  995K 5s
   550K .......... .......... .......... .......... ..........  3% 4.39M 4s
   600K .......... .......... .......... .......... ..........  4% 4.50M 4s
   650K .......... .......... .......... .......... ..........  4% 4.64M 4s
   700K .......... .......... .......... .......... ..........  4% 3.86M 4s
   750K .......... .......... .......... .......... ..........  5% 4.49M 4s
   800K .......... .......... .......... .......... ..........  5% 4.62M 4s
   850K .......... .......... .......... .......... ..........  5% 4.72M 4s
   900K .......... .......... .......... .......... ..........  5% 4.18M 4s
   950K .......... .......... .......... .......... ..........  6% 4.31M 4s
  1000K .......... .......... .......... .......... ..........  6% 3.92M 4s
  1050K .......... .......... .......... .......... ..........  6% 4.50M 4s
  1100K .......... .......... .......... .......... ..........  7% 4.00M 4s
  1150K .......... .......... .......... .......... ..........  7% 4.46M 4s
  1200K .......... .......... .......... .......... ..........  7% 4.52M 4s
  1250K .......... .......... .......... .......... ..........  8% 4.32M 4s
  1300K .......... .......... .......... .......... ..........  8% 3.74M 4s
  1350K .......... .......... .......... .......... ..........  8% 4.41M 4s
  1400K .......... .......... .......... .......... ..........  9% 4.58M 4s
  1450K .......... .......... .......... .......... ..........  9% 4.58M 4s
  1500K .......... .......... .......... .......... ..........  9% 3.76M 4s
  1550K .......... .......... .......... .......... .......... 10% 4.42M 4s
  1600K .......... .......... .......... .......... .......... 10% 4.41M 4s
  1650K .......... .......... .......... .......... .......... 10% 4.60M 4s
  1700K .......... .......... .......... .......... .......... 11% 4.01M 3s
  1750K .......... .......... .......... .......... .......... 11% 4.34M 3s
  1800K .......... .......... .......... .......... .......... 11% 4.53M 3s
  1850K .......... .......... .......... .......... .......... 11% 4.63M 3s
  1900K .......... .......... .......... .......... .......... 12% 3.86M 3s
  1950K .......... .......... .......... .......... .......... 12% 4.47M 3s
  2000K .......... .......... .......... .......... .......... 12% 4.60M 3s
  2050K .......... .......... .......... .......... .......... 13% 3.65M 3s
  2100K .......... .......... .......... .......... .......... 13% 3.93M 3s
  2150K .......... .......... .......... .......... .......... 13% 4.66M 3s
  2200K .......... .......... .......... .......... .......... 14% 4.28M 3s
  2250K .......... .......... .......... .......... .......... 14% 4.52M 3s
  2300K .......... .......... .......... .......... .......... 14% 3.93M 3s
  2350K .......... .......... .......... .......... .......... 15% 4.46M 3s
  2400K .......... .......... .......... .......... .......... 15% 4.71M 3s
  2450K .......... .......... .......... .......... .......... 15% 4.52M 3s
  2500K .......... .......... .......... .......... .......... 16% 4.05M 3s
  2550K .......... .......... .......... .......... .......... 16% 4.46M 3s
  2600K .......... .......... .......... .......... .......... 16% 4.61M 3s
  2650K .......... .......... .......... .......... .......... 17% 4.44M 3s
  2700K .......... .......... .......... .......... .......... 17% 4.06M 3s
  2750K .......... .......... .......... .......... .......... 17% 4.55M 3s
  2800K .......... .......... .......... .......... .......... 17% 4.33M 3s
  2850K .......... .......... .......... .......... .......... 18% 4.36M 3s
  2900K .......... .......... .......... .......... .......... 18% 3.98M 3s
  2950K .......... .......... .......... .......... .......... 18% 4.46M 3s
  3000K .......... .......... .......... .......... .......... 19% 4.35M 3s
  3050K .......... .......... .......... .......... .......... 19% 4.05M 3s
  3100K .......... .......... .......... .......... .......... 19% 3.85M 3s
  3150K .......... .......... .......... .......... .......... 20% 4.17M 3s
  3200K .......... .......... .......... .......... .......... 20% 4.25M 3s
  3250K .......... .......... .......... .......... .......... 20% 4.18M 3s
  3300K .......... .......... .......... .......... .......... 21% 3.64M 3s
  3350K .......... .......... .......... .......... .......... 21% 3.88M 3s
  3400K .......... .......... .......... .......... .......... 21% 4.38M 3s
  3450K .......... .......... .......... .......... .......... 22% 4.49M 3s
  3500K .......... .......... .......... .......... .......... 22% 3.81M 3s
  3550K .......... .......... .......... .......... .......... 22% 4.31M 3s
  3600K .......... .......... .......... .......... .......... 23% 4.32M 3s
  3650K .......... .......... .......... .......... .......... 23% 4.46M 3s
  3700K .......... .......... .......... .......... .......... 23% 3.86M 3s
  3750K .......... .......... .......... .......... .......... 23% 4.44M 3s
  3800K .......... .......... .......... .......... .......... 24% 4.50M 3s
  3850K .......... .......... .......... .......... .......... 24% 4.50M 3s
  3900K .......... .......... .......... .......... .......... 24% 3.96M 3s
  3950K .......... .......... .......... .......... .......... 25% 4.47M 3s
  4000K .......... .......... .......... .......... .......... 25% 4.53M 3s
  4050K .......... .......... .......... .......... .......... 25% 4.68M 3s
  4100K .......... .......... .......... .......... .......... 26% 3.21M 3s
  4150K .......... .......... .......... .......... .......... 26% 4.42M 3s
  4200K .......... .......... .......... .......... .......... 26% 4.40M 3s
  4250K .......... .......... .......... .......... .......... 27% 4.50M 3s
  4300K .......... .......... .......... .......... .......... 27% 3.88M 3s
  4350K .......... .......... .......... .......... .......... 27% 4.34M 3s
  4400K .......... .......... .......... .......... .......... 28% 4.38M 3s
  4450K .......... .......... .......... .......... .......... 28% 4.49M 3s
  4500K .......... .......... .......... .......... .......... 28% 3.95M 3s
  4550K .......... .......... .......... .......... .......... 29% 4.63M 3s
  4600K .......... .......... .......... .......... .......... 29% 4.42M 3s
  4650K .......... .......... .......... .......... .......... 29% 4.68M 3s
  4700K .......... .......... .......... .......... .......... 29% 4.03M 3s
  4750K .......... .......... .......... .......... .......... 30% 4.98M 3s
  4800K .......... .......... .......... .......... .......... 30% 4.61M 3s
  4850K .......... .......... .......... .......... .......... 30% 4.54M 3s
  4900K .......... .......... .......... .......... .......... 31% 4.17M 3s
  4950K .......... .......... .......... .......... .......... 31% 4.88M 3s
  5000K .......... .......... .......... .......... .......... 31% 4.87M 3s
  5050K .......... .......... .......... .......... .......... 32% 4.72M 3s
  5100K .......... .......... .......... .......... .......... 32% 3.99M 3s
  5150K .......... .......... .......... .......... .......... 32% 4.71M 2s
  5200K .......... .......... .......... .......... .......... 33% 4.78M 2s
  5250K .......... .......... .......... .......... .......... 33% 4.85M 2s
  5300K .......... .......... .......... .......... .......... 33% 4.14M 2s
  5350K .......... .......... .......... .......... .......... 34% 4.78M 2s
  5400K .......... .......... .......... .......... .......... 34% 4.78M 2s
  5450K .......... .......... .......... .......... .......... 34% 4.75M 2s
  5500K .......... .......... .......... .......... .......... 35% 4.24M 2s
  5550K .......... .......... .......... .......... .......... 35% 4.31M 2s
  5600K .......... .......... .......... .......... .......... 35% 4.45M 2s
  5650K .......... .......... .......... .......... .......... 35% 4.77M 2s
  5700K .......... .......... .......... .......... .......... 36% 4.05M 2s
  5750K .......... .......... .......... .......... .......... 36% 4.81M 2s
  5800K .......... .......... .......... .......... .......... 36% 4.86M 2s
  5850K .......... .......... .......... .......... .......... 37% 4.70M 2s
  5900K .......... .......... .......... .......... .......... 37% 4.13M 2s
  5950K .......... .......... .......... .......... .......... 37% 4.83M 2s
  6000K .......... .......... .......... .......... .......... 38% 4.89M 2s
  6050K .......... .......... .......... .......... .......... 38% 4.73M 2s
  6100K .......... .......... .......... .......... .......... 38% 3.46M 2s
  6150K .......... .......... .......... .......... .......... 39% 4.70M 2s
  6200K .......... .......... .......... .......... .......... 39% 4.57M 2s
  6250K .......... .......... .......... .......... .......... 39% 4.48M 2s
  6300K .......... .......... .......... .......... .......... 40% 4.08M 2s
  6350K .......... .......... .......... .......... .......... 40% 4.57M 2s
  6400K .......... .......... .......... .......... .......... 40% 4.47M 2s
  6450K .......... .......... .......... .......... .......... 41% 4.60M 2s
  6500K .......... .......... .......... .......... .......... 41% 4.19M 2s
  6550K .......... .......... .......... .......... .......... 41% 4.62M 2s
  6600K .......... .......... .......... .......... .......... 41% 4.74M 2s
  6650K .......... .......... .......... .......... .......... 42% 4.34M 2s
  6700K .......... .......... .......... .......... .......... 42% 3.92M 2s
  6750K .......... .......... .......... .......... .......... 42% 4.71M 2s
  6800K .......... .......... .......... .......... .......... 43% 4.57M 2s
  6850K .......... .......... .......... .......... .......... 43% 4.40M 2s
  6900K .......... .......... .......... .......... .......... 43% 4.12M 2s
  6950K .......... .......... .......... .......... .......... 44% 4.69M 2s
  7000K .......... .......... .......... .......... .......... 44% 4.74M 2s
  7050K .......... .......... .......... .......... .......... 44% 4.65M 2s
  7100K .......... .......... .......... .......... .......... 45% 4.09M 2s
  7150K .......... .......... .......... .......... .......... 45% 4.54M 2s
  7200K .......... .......... .......... .......... .......... 45% 4.75M 2s
  7250K .......... .......... .......... .......... .......... 46% 4.76M 2s
  7300K .......... .......... .......... .......... .......... 46% 4.16M 2s
  7350K .......... .......... .......... .......... .......... 46% 4.49M 2s
  7400K .......... .......... .......... .......... .......... 47% 4.57M 2s
  7450K .......... .......... .......... .......... .......... 47% 4.33M 2s
  7500K .......... .......... .......... .......... .......... 47% 3.82M 2s
  7550K .......... .......... .......... .......... .......... 47% 4.36M 2s
  7600K .......... .......... .......... .......... .......... 48% 4.18M 2s
  7650K .......... .......... .......... .......... .......... 48% 4.10M 2s
  7700K .......... .......... .......... .......... .......... 48% 3.89M 2s
  7750K .......... .......... .......... .......... .......... 49% 4.59M 2s
  7800K .......... .......... .......... .......... .......... 49% 4.43M 2s
  7850K .......... .......... .......... .......... .......... 49% 4.46M 2s
  7900K .......... .......... .......... .......... .......... 50% 4.07M 2s
  7950K .......... .......... .......... .......... .......... 50% 4.60M 2s
  8000K .......... .......... .......... .......... .......... 50% 4.67M 2s
  8050K .......... .......... .......... .......... .......... 51% 4.81M 2s
  8100K .......... .......... .......... .......... .......... 51% 3.98M 2s
  8150K .......... .......... .......... .......... .......... 51% 3.71M 2s
  8200K .......... .......... .......... .......... .......... 52% 4.67M 2s
  8250K .......... .......... .......... .......... .......... 52% 4.34M 2s
  8300K .......... .......... .......... .......... .......... 52% 4.10M 2s
  8350K .......... .......... .......... .......... .......... 53% 4.68M 2s
  8400K .......... .......... .......... .......... .......... 53% 4.81M 2s
  8450K .......... .......... .......... .......... .......... 53% 4.58M 2s
  8500K .......... .......... .......... .......... .......... 53% 4.16M 2s
  8550K .......... .......... .......... .......... .......... 54% 4.80M 2s
  8600K .......... .......... .......... .......... .......... 54% 4.88M 2s
  8650K .......... .......... .......... .......... .......... 54% 4.93M 2s
  8700K .......... .......... .......... .......... .......... 55% 3.90M 2s
  8750K .......... .......... .......... .......... .......... 55% 4.68M 2s
  8800K .......... .......... .......... .......... .......... 55% 4.79M 2s
  8850K .......... .......... .......... .......... .......... 56% 4.97M 2s
  8900K .......... .......... .......... .......... .......... 56% 4.28M 2s
  8950K .......... .......... .......... .......... .......... 56% 4.64M 2s
  9000K .......... .......... .......... .......... .......... 57% 4.83M 2s
  9050K .......... .......... .......... .......... .......... 57% 4.44M 2s
  9100K .......... .......... .......... .......... .......... 57% 4.03M 2s
  9150K .......... .......... .......... .......... .......... 58% 4.64M 2s
  9200K .......... .......... .......... .......... .......... 58% 4.50M 2s
  9250K .......... .......... .......... .......... .......... 58% 4.40M 1s
  9300K .......... .......... .......... .......... .......... 59% 4.07M 1s
  9350K .......... .......... .......... .......... .......... 59% 4.56M 1s
  9400K .......... .......... .......... .......... .......... 59% 4.44M 1s
  9450K .......... .......... .......... .......... .......... 59% 4.57M 1s
  9500K .......... .......... .......... .......... .......... 60% 4.08M 1s
  9550K .......... .......... .......... .......... .......... 60% 4.51M 1s
  9600K .......... .......... .......... .......... .......... 60% 4.66M 1s
  9650K .......... .......... .......... .......... .......... 61% 4.50M 1s
  9700K .......... .......... .......... .......... .......... 61% 3.87M 1s
  9750K .......... .......... .......... .......... .......... 61% 4.57M 1s
  9800K .......... .......... .......... .......... .......... 62% 4.76M 1s
  9850K .......... .......... .......... .......... .......... 62% 4.66M 1s
  9900K .......... .......... .......... .......... .......... 62% 3.92M 1s
  9950K .......... .......... .......... .......... .......... 63% 4.35M 1s
 10000K .......... .......... .......... .......... .......... 63% 4.61M 1s
 10050K .......... .......... .......... .......... .......... 63% 4.63M 1s
 10100K .......... .......... .......... .......... .......... 64% 4.06M 1s
 10150K .......... .......... .......... .......... .......... 64% 4.34M 1s
 10200K .......... .......... .......... .......... .......... 64% 4.32M 1s
 10250K .......... .......... .......... .......... .......... 65% 4.42M 1s
 10300K .......... .......... .......... .......... .......... 65% 4.02M 1s
 10350K .......... .......... .......... .......... .......... 65% 4.67M 1s
 10400K .......... .......... .......... .......... .......... 65% 4.36M 1s
 10450K .......... .......... .......... .......... .......... 66% 4.53M 1s
 10500K .......... .......... .......... .......... .......... 66% 3.94M 1s
 10550K .......... .......... .......... .......... .......... 66% 4.50M 1s
 10600K .......... .......... .......... .......... .......... 67% 4.40M 1s
 10650K .......... .......... .......... .......... .......... 67% 4.56M 1s
 10700K .......... .......... .......... .......... .......... 67% 3.95M 1s
 10750K .......... .......... .......... .......... .......... 68%  204K 1s
 10800K .......... .......... .......... .......... .......... 68% 4.63M 1s
 10850K .......... .......... .......... .......... .......... 68% 4.57M 1s
 10900K .......... .......... .......... .......... .......... 69% 4.02M 1s
 10950K .......... .......... .......... .......... .......... 69% 4.43M 1s
 11000K .......... .......... .......... .......... .......... 69% 4.43M 1s
 11050K .......... .......... .......... .......... .......... 70% 4.57M 1s
 11100K .......... .......... .......... .......... .......... 70% 3.98M 1s
 11150K .......... .......... .......... .......... .......... 70% 4.50M 1s
 11200K .......... .......... .......... .......... .......... 71% 4.39M 1s
 11250K .......... .......... .......... .......... .......... 71% 4.22M 1s
 11300K .......... .......... .......... .......... .......... 71% 3.99M 1s
 11350K .......... .......... .......... .......... .......... 71% 4.60M 1s
 11400K .......... .......... .......... .......... .......... 72% 4.58M 1s
 11450K .......... .......... .......... .......... .......... 72% 4.52M 1s
 11500K .......... .......... .......... .......... .......... 72% 3.99M 1s
 11550K .......... .......... .......... .......... .......... 73% 4.47M 1s
 11600K .......... .......... .......... .......... .......... 73% 4.71M 1s
 11650K .......... .......... .......... .......... .......... 73% 4.76M 1s
 11700K .......... .......... .......... .......... .......... 74% 4.10M 1s
 11750K .......... .......... .......... .......... .......... 74% 4.24M 1s
 11800K .......... .......... .......... .......... .......... 74% 4.66M 1s
 11850K .......... .......... .......... .......... .......... 75% 4.72M 1s
 11900K .......... .......... .......... .......... .......... 75% 4.06M 1s
 11950K .......... .......... .......... .......... .......... 75% 4.51M 1s
 12000K .......... .......... .......... .......... .......... 76% 4.68M 1s
 12050K .......... .......... .......... .......... .......... 76% 4.49M 1s
 12100K .......... .......... .......... .......... .......... 76% 3.94M 1s
 12150K .......... .......... .......... .......... .......... 77% 4.31M 1s
 12200K .......... .......... .......... .......... .......... 77% 4.26M 1s
 12250K .......... .......... .......... .......... .......... 77% 4.21M 1s
 12300K .......... .......... .......... .......... .......... 77% 3.81M 1s
 12350K .......... .......... .......... .......... .......... 78% 4.48M 1s
 12400K .......... .......... .......... .......... .......... 78% 4.50M 1s
 12450K .......... .......... .......... .......... .......... 78% 4.51M 1s
 12500K .......... .......... .......... .......... .......... 79% 3.89M 1s
 12550K .......... .......... .......... .......... .......... 79% 4.62M 1s
 12600K .......... .......... .......... .......... .......... 79% 4.48M 1s
 12650K .......... .......... .......... .......... .......... 80% 4.47M 1s
 12700K .......... .......... .......... .......... .......... 80% 4.08M 1s
 12750K .......... .......... .......... .......... .......... 80% 4.65M 1s
 12800K .......... .......... .......... .......... .......... 81% 3.65M 1s
 12850K .......... .......... .......... .......... .......... 81% 4.35M 1s
 12900K .......... .......... .......... .......... .......... 81% 3.95M 1s
 12950K .......... .......... .......... .......... .......... 82% 4.61M 1s
 13000K .......... .......... .......... .......... .......... 82% 4.66M 1s
 13050K .......... .......... .......... .......... .......... 82% 4.59M 1s
 13100K .......... .......... .......... .......... .......... 83% 3.96M 1s
 13150K .......... .......... .......... .......... .......... 83% 4.56M 1s
 13200K .......... .......... .......... .......... .......... 83% 4.56M 1s
 13250K .......... .......... .......... .......... .......... 83% 4.47M 1s
 13300K .......... .......... .......... .......... .......... 84% 3.99M 1s
 13350K .......... .......... .......... .......... .......... 84% 4.77M 1s
 13400K .......... .......... .......... .......... .......... 84% 4.51M 1s
 13450K .......... .......... .......... .......... .......... 85% 4.75M 1s
 13500K .......... .......... .......... .......... .......... 85% 4.00M 1s
 13550K .......... .......... .......... .......... .......... 85% 4.61M 1s
 13600K .......... .......... .......... .......... .......... 86% 4.71M 1s
 13650K .......... .......... .......... .......... .......... 86% 4.67M 1s
 13700K .......... .......... .......... .......... .......... 86% 3.90M 1s
 13750K .......... .......... .......... .......... .......... 87% 4.38M 0s
 13800K .......... .......... .......... .......... .......... 87% 4.22M 0s
 13850K .......... .......... .......... .......... .......... 87% 4.43M 0s
 13900K .......... .......... .......... .......... .......... 88% 3.83M 0s
 13950K .......... .......... .......... .......... .......... 88% 4.39M 0s
 14000K .......... .......... .......... .......... .......... 88% 4.24M 0s
 14050K .......... .......... .......... .......... .......... 89% 4.43M 0s
 14100K .......... .......... .......... .......... .......... 89% 3.65M 0s
 14150K .......... .......... .......... .......... .......... 89% 4.25M 0s
 14200K .......... .......... .......... .......... .......... 89% 4.10M 0s
 14250K .......... .......... .......... .......... .......... 90% 4.23M 0s
 14300K .......... .......... .......... .......... .......... 90% 3.51M 0s
 14350K .......... .......... .......... .......... .......... 90% 4.13M 0s
 14400K .......... .......... .......... .......... .......... 91% 4.42M 0s
 14450K .......... .......... .......... .......... .......... 91% 4.29M 0s
 14500K .......... .......... .......... .......... .......... 91% 3.70M 0s
 14550K .......... .......... .......... .......... .......... 92% 4.35M 0s
 14600K .......... .......... .......... .......... .......... 92% 4.41M 0s
 14650K .......... .......... .......... .......... .......... 92% 4.34M 0s
 14700K .......... .......... .......... .......... .......... 93% 3.86M 0s
 14750K .......... .......... .......... .......... .......... 93% 4.46M 0s
 14800K .......... .......... .......... .......... .......... 93% 4.10M 0s
 14850K .......... .......... .......... .......... .......... 94% 4.16M 0s
 14900K .......... .......... .......... .......... .......... 94% 3.84M 0s
 14950K .......... .......... .......... .......... .......... 94% 4.41M 0s
 15000K .......... .......... .......... .......... .......... 95% 4.39M 0s
 15050K .......... .......... .......... .......... .......... 95% 4.30M 0s
 15100K .......... .......... .......... .......... .......... 95% 3.66M 0s
 15150K .......... .......... .......... .......... .......... 95% 4.38M 0s
 15200K .......... .......... .......... .......... .......... 96% 4.36M 0s
 15250K .......... .......... .......... .......... .......... 96% 4.59M 0s
 15300K .......... .......... .......... .......... .......... 96% 3.90M 0s
 15350K .......... .......... .......... .......... .......... 97% 3.77M 0s
 15400K .......... .......... .......... .......... .......... 97% 4.62M 0s
 15450K .......... .......... .......... .......... .......... 97% 4.80M 0s
 15500K .......... .......... .......... .......... .......... 98% 4.23M 0s
 15550K .......... .......... .......... .......... .......... 98% 4.75M 0s
 15600K .......... .......... .......... .......... .......... 98% 4.53M 0s
 15650K .......... .......... .......... .......... .......... 99% 4.36M 0s
 15700K .......... .......... .......... .......... .......... 99% 3.93M 0s
 15750K .......... .......... .......... .......... .......... 99% 4.48M 0s
 15800K .......... .......... .......... ......               100% 3.98M=3.8s

2024-05-01 07:05:35 (4.03 MB/s) - 'Gallicorpora+_best.mlmodel' saved [16216786/16216786]

KETOS training
scikit-learn version 1.2.2 is not supported. Minimum required version: 0.17. Maximum required version: 1.1.2. Disabling scikit-learn conversion API.
Torch version 2.1.2+cu121 has not been tested with coremltools. You may run into unexpected errors. Torch 2.0.0 is the most recent version that has been tested.
[05/01/24 07:07:05] WARNING  Text line " " is empty after     recognition.py:371
                             transformations                                    
[05/01/24 07:07:06] WARNING  No boundary given for line       recognition.py:371
                    WARNING  No boundary given for line       recognition.py:371
                    WARNING  The model will be flagged to use recognition.py:319
                             new polygon extractor.                             
GPU available: True (cuda), used: True
TPU available: False, using: 0 TPU cores
IPU available: False, using: 0 IPUs
HPU available: False, using: 0 HPUs
`Trainer(val_check_interval=1.0)` was configured so validation will run at the end of the training epoch..
You are using a CUDA device ('NVIDIA RTX A5000') that has Tensor Cores. To properly utilize them, you should set `torch.set_float32_matmul_precision('medium' | 'high')` which will trade-off precision for performance. For more details, read https://pytorch.org/docs/stable/generated/torch.set_float32_matmul_precision.html#torch.set_float32_matmul_precision
[05/01/24 07:07:09] WARNING  Neural network has been trained on     train.py:628
                             mode L images, training set contains               
                             mode 1 data. Consider setting                      
                             `force_binarization`                               
LOCAL_RANK: 0 - CUDA_VISIBLE_DEVICES: [0,1]
┏━━━━┳━━━━━━━━━━━┳━━━━━━━━━━━━━━━━━┳━━━━━━━━┳━━━━━━━━━━━━━━━━┳━━━━━━━━━━━━━━━━━┓
┃    ┃ Name      ┃ Type            ┃ Params ┃       In sizes ┃       Out sizes ┃
┡━━━━╇━━━━━━━━━━━╇━━━━━━━━━━━━━━━━━╇━━━━━━━━╇━━━━━━━━━━━━━━━━╇━━━━━━━━━━━━━━━━━┩
│ 0  │ val_cer   │ CharErrorRate   │      0 │              ? │               ? │
│ 1  │ val_wer   │ WordErrorRate   │      0 │              ? │               ? │
│ 2  │ net       │ MultiParamSequ… │  4.1 M │   [[1, 1, 120, │    [[1, 196, 1, │
│    │           │                 │        │     400], '?'] │       50], '?'] │
│ 3  │ net.C_0   │ ActConv2D       │  1.3 K │   [[1, 1, 120, │   [[1, 32, 120, │
│    │           │                 │        │     400], '?', │      400], '?'] │
│    │           │                 │        │           '?'] │                 │
│ 4  │ net.Do_1  │ Dropout         │      0 │  [[1, 32, 120, │   [[1, 32, 120, │
│    │           │                 │        │     400], '?', │      400], '?'] │
│    │           │                 │        │           '?'] │                 │
│ 5  │ net.Mp_2  │ MaxPool         │      0 │  [[1, 32, 120, │    [[1, 32, 60, │
│    │           │                 │        │     400], '?', │      200], '?'] │
│    │           │                 │        │           '?'] │                 │
│ 6  │ net.C_3   │ ActConv2D       │ 40.0 K │   [[1, 32, 60, │    [[1, 32, 60, │
│    │           │                 │        │     200], '?', │      200], '?'] │
│    │           │                 │        │           '?'] │                 │
│ 7  │ net.Do_4  │ Dropout         │      0 │   [[1, 32, 60, │    [[1, 32, 60, │
│    │           │                 │        │     200], '?', │      200], '?'] │
│    │           │                 │        │           '?'] │                 │
│ 8  │ net.Mp_5  │ MaxPool         │      0 │   [[1, 32, 60, │    [[1, 32, 30, │
│    │           │                 │        │     200], '?', │      100], '?'] │
│    │           │                 │        │           '?'] │                 │
│ 9  │ net.C_6   │ ActConv2D       │ 55.4 K │   [[1, 32, 30, │    [[1, 64, 30, │
│    │           │                 │        │     100], '?', │      100], '?'] │
│    │           │                 │        │           '?'] │                 │
│ 10 │ net.Do_7  │ Dropout         │      0 │   [[1, 64, 30, │    [[1, 64, 30, │
│    │           │                 │        │     100], '?', │      100], '?'] │
│    │           │                 │        │           '?'] │                 │
│ 11 │ net.Mp_8  │ MaxPool         │      0 │   [[1, 64, 30, │    [[1, 64, 15, │
│    │           │                 │        │     100], '?', │       50], '?'] │
│    │           │                 │        │           '?'] │                 │
│ 12 │ net.C_9   │ ActConv2D       │  110 K │   [[1, 64, 15, │    [[1, 64, 15, │
│    │           │                 │        │ 50], '?', '?'] │       50], '?'] │
│ 13 │ net.Do_10 │ Dropout         │      0 │   [[1, 64, 15, │    [[1, 64, 15, │
│    │           │                 │        │ 50], '?', '?'] │       50], '?'] │
│ 14 │ net.S_11  │ Reshape         │      0 │   [[1, 64, 15, │    [[1, 960, 1, │
│    │           │                 │        │ 50], '?', '?'] │       50], '?'] │
│ 15 │ net.L_12  │ TransposedSumm… │  1.9 M │   [[1, 960, 1, │    [[1, 400, 1, │
│    │           │                 │        │ 50], '?', '?'] │       50], '?'] │
│ 16 │ net.Do_13 │ Dropout         │      0 │   [[1, 400, 1, │    [[1, 400, 1, │
│    │           │                 │        │ 50], '?', '?'] │       50], '?'] │
│ 17 │ net.L_14  │ TransposedSumm… │  963 K │   [[1, 400, 1, │    [[1, 400, 1, │
│    │           │                 │        │ 50], '?', '?'] │       50], '?'] │
│ 18 │ net.Do_15 │ Dropout         │      0 │   [[1, 400, 1, │    [[1, 400, 1, │
│    │           │                 │        │ 50], '?', '?'] │       50], '?'] │
│ 19 │ net.L_16  │ TransposedSumm… │  963 K │   [[1, 400, 1, │    [[1, 400, 1, │
│    │           │                 │        │ 50], '?', '?'] │       50], '?'] │
│ 20 │ net.Do_17 │ Dropout         │      0 │   [[1, 400, 1, │    [[1, 400, 1, │
│    │           │                 │        │ 50], '?', '?'] │       50], '?'] │
│ 21 │ net.O_18  │ LinSoftmax      │ 78.6 K │   [[1, 400, 1, │    [[1, 196, 1, │
│    │           │                 │        │ 50], '?', '?'] │       50], '?'] │
└────┴───────────┴─────────────────┴────────┴────────────────┴─────────────────┘
Trainable params: 4.1 M                                                         
Non-trainable params: 0                                                         
Total params: 4.1 M                                                             
Total estimated model params size (MB): 16                                      
SLURM auto-requeueing enabled. Setting signal handlers.
[rank: 0] Seed set to 42
[rank: 0] Seed set to 42
[rank: 0] Seed set to 42
[rank: 0] Seed set to 42
[rank: 0] Seed set to 42
[rank: 0] Seed set to 42
[rank: 0] Seed set to 42
[rank: 0] Seed set to 42
[rank: 0] Seed set to 42
[rank: 0] Seed set to 42
[rank: 0] Seed set to 42
[rank: 0] Seed set to 42
[rank: 0] Seed set to 42
[rank: 0] Seed set to 42
[rank: 0] Seed set to 42
[rank: 0] Seed set to 42
stage 0/∞ ━━━━━━━━━━━ 25286/25286 0:22:09 •   21.46it/s val_accura… early_stopp…
                                  0:00:00               0.988       0/10 0.98766
                                                        val_word_a…             
                                                        0.944                   
[rank: 0] Seed set to 42
[rank: 0] Seed set to 42
[rank: 0] Seed set to 42
[rank: 0] Seed set to 42
[rank: 0] Seed set to 42
[rank: 0] Seed set to 42
[rank: 0] Seed set to 42
[rank: 0] Seed set to 42
stage 1/∞ ━━━━━━━━━━━ 25286/25286 0:22:09 •   17.47it/s val_accura… early_stopp…
                                  0:00:00               0.988       0/10 0.98783
                                                        val_word_a…             
                                                        0.942                   
[rank: 0] Seed set to 42
[rank: 0] Seed set to 42
[rank: 0] Seed set to 42
[rank: 0] Seed set to 42
[rank: 0] Seed set to 42
[rank: 0] Seed set to 42
[rank: 0] Seed set to 42
[rank: 0] Seed set to 42
stage 2/∞ ━━━━━━━━━━━ 25286/25286 0:21:55 •   18.48it/s val_accura… early_stopp…
                                  0:00:00               0.989       0/10 0.98871
                                                        val_word_a…             
                                                        0.946                   
[rank: 0] Seed set to 42
[rank: 0] Seed set to 42
[rank: 0] Seed set to 42
[rank: 0] Seed set to 42
[rank: 0] Seed set to 42
[rank: 0] Seed set to 42
[rank: 0] Seed set to 42
[rank: 0] Seed set to 42
stage 3/∞ ━━━━━━━━━━━ 25286/25286 0:22:22 •   20.89it/s val_accura… early_stopp…
                                  0:00:00               0.989       0/10 0.98896
                                                        val_word_a…             
                                                        0.945                   
[rank: 0] Seed set to 42
[rank: 0] Seed set to 42
[rank: 0] Seed set to 42
[rank: 0] Seed set to 42
[rank: 0] Seed set to 42
[rank: 0] Seed set to 42
[rank: 0] Seed set to 42
[rank: 0] Seed set to 42
stage 4/∞ ━━━━━━━━━━━ 25286/25286 0:22:28 •   20.64it/s val_accura… early_stopp…
                                  0:00:00               0.990       0/10 0.98957
                                                        val_word_a…             
                                                        0.948                   
[rank: 0] Seed set to 42
[rank: 0] Seed set to 42
[rank: 0] Seed set to 42
[rank: 0] Seed set to 42
[rank: 0] Seed set to 42
[rank: 0] Seed set to 42
[rank: 0] Seed set to 42
[rank: 0] Seed set to 42
stage 5/∞ ━━━━━━━━━━━ 25286/25286 0:22:04 •   13.68it/s val_accura… early_stopp…
                                  0:00:00               0.989       1/10 0.98957
                                                        val_word_a…             
                                                        0.946                   
[rank: 0] Seed set to 42
[rank: 0] Seed set to 42
[rank: 0] Seed set to 42
[rank: 0] Seed set to 42
[rank: 0] Seed set to 42
[rank: 0] Seed set to 42
[rank: 0] Seed set to 42
[rank: 0] Seed set to 42
stage 6/∞ ━━━━━━━━━━━ 25286/25286 0:22:14 •   18.04it/s val_accura… early_stopp…
                                  0:00:00               0.989       2/10 0.98957
                                                        val_word_a…             
                                                        0.945                   
[rank: 0] Seed set to 42
[rank: 0] Seed set to 42
[rank: 0] Seed set to 42
[rank: 0] Seed set to 42
[rank: 0] Seed set to 42
[rank: 0] Seed set to 42
[rank: 0] Seed set to 42
[rank: 0] Seed set to 42
stage 7/∞ ━━━━━━━━━━━ 25286/25286 0:22:16 •   17.78it/s val_accura… early_stopp…
                                  0:00:00               0.989       3/10 0.98957
                                                        val_word_a…             
                                                        0.947                   
[rank: 0] Seed set to 42
[rank: 0] Seed set to 42
[rank: 0] Seed set to 42
[rank: 0] Seed set to 42
[rank: 0] Seed set to 42
[rank: 0] Seed set to 42
[rank: 0] Seed set to 42
[rank: 0] Seed set to 42
stage 8/∞ ━━━━━━━━━━━ 25286/25286 0:21:59 •   21.26it/s val_accura… early_stopp…
                                  0:00:00               0.990       0/10 0.98958
                                                        val_word_a…             
                                                        0.947                   
[rank: 0] Seed set to 42
[rank: 0] Seed set to 42
[rank: 0] Seed set to 42
[rank: 0] Seed set to 42
[rank: 0] Seed set to 42
[rank: 0] Seed set to 42
[rank: 0] Seed set to 42
[rank: 0] Seed set to 42
stage 9/∞ ━━━━━━━━━━━ 25286/25286 0:22:01 •   21.31it/s val_accura… early_stopp…
                                  0:00:00               0.990       0/10 0.99011
                                                        val_word_a…             
                                                        0.950                   
[rank: 0] Seed set to 42
[rank: 0] Seed set to 42
[rank: 0] Seed set to 42
[rank: 0] Seed set to 42
[rank: 0] Seed set to 42
[rank: 0] Seed set to 42
[rank: 0] Seed set to 42
[rank: 0] Seed set to 42
stage 10/∞ ━━━━━━━━━━━ 25286/25286 0:22:00 •   24.81it/s val_accura… early_stop…
                                   0:00:00               0.990       1/10       
                                                         val_word_a… 0.99011    
                                                         0.950                  
[rank: 0] Seed set to 42
[rank: 0] Seed set to 42
[rank: 0] Seed set to 42
[rank: 0] Seed set to 42
[rank: 0] Seed set to 42
[rank: 0] Seed set to 42
[rank: 0] Seed set to 42
[rank: 0] Seed set to 42
stage 11/∞ ━━━━━━━━━━━ 25286/25286 0:22:15 •   17.05it/s val_accura… early_stop…
                                   0:00:00               0.990       2/10       
                                                         val_word_a… 0.99011    
                                                         0.948                  
[rank: 0] Seed set to 42
[rank: 0] Seed set to 42
[rank: 0] Seed set to 42
[rank: 0] Seed set to 42
[rank: 0] Seed set to 42
[rank: 0] Seed set to 42
[rank: 0] Seed set to 42
[rank: 0] Seed set to 42
stage 12/∞ ━━━━━━━━━━━ 25286/25286 0:21:57 •   21.06it/s val_accura… early_stop…
                                   0:00:00               0.990       3/10       
                                                         val_word_a… 0.99011    
                                                         0.950                  
[rank: 0] Seed set to 42
[rank: 0] Seed set to 42
[rank: 0] Seed set to 42
[rank: 0] Seed set to 42
[rank: 0] Seed set to 42
[rank: 0] Seed set to 42
[rank: 0] Seed set to 42
[rank: 0] Seed set to 42
stage 13/∞ ━━━━━━━━━━━ 25286/25286 0:22:17 •   21.21it/s val_accura… early_stop…
                                   0:00:00               0.990       4/10       
                                                         val_word_a… 0.99011    
                                                         0.949                  
[rank: 0] Seed set to 42
[rank: 0] Seed set to 42
[rank: 0] Seed set to 42
[rank: 0] Seed set to 42
[rank: 0] Seed set to 42
[rank: 0] Seed set to 42
[rank: 0] Seed set to 42
[rank: 0] Seed set to 42
stage 14/∞ ━━━━━━━━━━━ 25286/25286 0:22:09 •   18.02it/s val_accura… early_stop…
                                   0:00:00               0.990       5/10       
                                                         val_word_a… 0.99011    
                                                         0.949                  
[rank: 0] Seed set to 42
[rank: 0] Seed set to 42
[rank: 0] Seed set to 42
[rank: 0] Seed set to 42
[rank: 0] Seed set to 42
[rank: 0] Seed set to 42
[rank: 0] Seed set to 42
[rank: 0] Seed set to 42
stage 15/∞ ━━━━━━━━━━━ 25286/25286 0:22:12 •   14.79it/s val_accura… early_stop…
                                   0:00:00               0.990       6/10       
                                                         val_word_a… 0.99011    
                                                         0.948                  
[rank: 0] Seed set to 42
[rank: 0] Seed set to 42
[rank: 0] Seed set to 42
[rank: 0] Seed set to 42
[rank: 0] Seed set to 42
[rank: 0] Seed set to 42
[rank: 0] Seed set to 42
[rank: 0] Seed set to 42
stage 16/∞ ━━━━━━━━━━━ 25286/25286 0:22:05 •   20.83it/s val_accura… early_stop…
                                   0:00:00               0.990       7/10       
                                                         val_word_a… 0.99011    
                                                         0.948                  
[rank: 0] Seed set to 42
[rank: 0] Seed set to 42
[rank: 0] Seed set to 42
[rank: 0] Seed set to 42
[rank: 0] Seed set to 42
[rank: 0] Seed set to 42
[rank: 0] Seed set to 42
[rank: 0] Seed set to 42
stage 17/∞ ━━━━━━━━━━━ 25286/25286 0:22:13 •   20.82it/s val_accura… early_stop…
                                   0:00:00               0.990       8/10       
                                                         val_word_a… 0.99011    
                                                         0.949                  
[rank: 0] Seed set to 42
[rank: 0] Seed set to 42
[rank: 0] Seed set to 42
[rank: 0] Seed set to 42
[rank: 0] Seed set to 42
[rank: 0] Seed set to 42
[rank: 0] Seed set to 42
[rank: 0] Seed set to 42
stage 18/∞ ━━━━━━━━━━━ 25286/25286 0:21:46 •   21.94it/s val_accura… early_stop…
                                   0:00:00               0.990       9/10       
                                                         val_word_a… 0.99011    
                                                         0.950                  
[rank: 0] Seed set to 42
[rank: 0] Seed set to 42
[rank: 0] Seed set to 42
[rank: 0] Seed set to 42
[rank: 0] Seed set to 42
[rank: 0] Seed set to 42
[rank: 0] Seed set to 42
[rank: 0] Seed set to 42
stage 19/∞ ━━━━━━━━━━━ 25286/25286 0:22:08 •   20.66it/s val_accura… early_stop…
                                   0:00:00               0.989       10/10      
                                                         val_word_a… 0.99011    
                                                         0.948                  
Moving best model model_9.mlmodel (0.9901122450828552) to model_best.mlmodel
