
Dû à un changement dans la variable MODULEPATH, les modules suivants ont été rechargés :
  1) GMP/6.2.1        4) Tcl/8.6.11        7) bzip2/1.0.8        10) ncurses/6.2
  2) Python/3.9.6     5) XZ/5.2.5          8) libffi/3.4.2       11) zlib/1.2.11
  3) SQLite/3.36      6) binutils/2.37     9) libreadline/8.1

Les modules suivants ont été rechargés avec un changement de version :
  1) GCCcore/11.2.0 => GCCcore/11.3.0

--2024-04-29 13:35:08--  https://github.com/Gallicorpora/Segmentation-and-HTR-Models/releases/download/1.0.0/Gallicorpora+_best.mlmodel
Resolving github.com (github.com)... 140.82.121.4
Connecting to github.com (github.com)|140.82.121.4|:443... connected.
HTTP request sent, awaiting response... 302 Found
Location: https://objects.githubusercontent.com/github-production-release-asset-2e65be/511433875/9379140d-fc62-41f1-a53e-a9ed4e823bf8?X-Amz-Algorithm=AWS4-HMAC-SHA256&X-Amz-Credential=AKIAVCODYLSA53PQK4ZA%2F20240429%2Fus-east-1%2Fs3%2Faws4_request&X-Amz-Date=20240429T113509Z&X-Amz-Expires=300&X-Amz-Signature=937635491e424b7b2b494e0713a246d1779307f9a628e942dc9787a1d2f8cde3&X-Amz-SignedHeaders=host&actor_id=0&key_id=0&repo_id=511433875&response-content-disposition=attachment%3B%20filename%3DGallicorpora%2B_best.mlmodel&response-content-type=application%2Foctet-stream [following]
--2024-04-29 13:35:09--  https://objects.githubusercontent.com/github-production-release-asset-2e65be/511433875/9379140d-fc62-41f1-a53e-a9ed4e823bf8?X-Amz-Algorithm=AWS4-HMAC-SHA256&X-Amz-Credential=AKIAVCODYLSA53PQK4ZA%2F20240429%2Fus-east-1%2Fs3%2Faws4_request&X-Amz-Date=20240429T113509Z&X-Amz-Expires=300&X-Amz-Signature=937635491e424b7b2b494e0713a246d1779307f9a628e942dc9787a1d2f8cde3&X-Amz-SignedHeaders=host&actor_id=0&key_id=0&repo_id=511433875&response-content-disposition=attachment%3B%20filename%3DGallicorpora%2B_best.mlmodel&response-content-type=application%2Foctet-stream
Resolving objects.githubusercontent.com (objects.githubusercontent.com)... 185.199.110.133, 185.199.111.133, 185.199.108.133, ...
Connecting to objects.githubusercontent.com (objects.githubusercontent.com)|185.199.110.133|:443... connected.
HTTP request sent, awaiting response... 200 OK
Length: 16216786 (15M) [application/octet-stream]
Saving to: 'Gallicorpora+_best.mlmodel'

     0K .......... .......... .......... .......... ..........  0% 1.41M 11s
    50K .......... .......... .......... .......... ..........  0% 1.51M 11s
   100K .......... .......... .......... .......... ..........  0% 1.19M 11s
   150K .......... .......... .......... .......... ..........  1% 1.42M 11s
   200K .......... .......... .......... .......... ..........  1% 1.40M 11s
   250K .......... .......... .......... .......... ..........  1% 1.27M 11s
   300K .......... .......... .......... .......... ..........  2% 1.02M 12s
   350K .......... .......... .......... .......... ..........  2% 1.31M 12s
   400K .......... .......... .......... .......... ..........  2% 1.33M 12s
   450K .......... .......... .......... .......... ..........  3% 1.36M 11s
   500K .......... .......... .......... .......... ..........  3%  803K 12s
   550K .......... .......... .......... .......... ..........  3% 1.32M 12s
   600K .......... .......... .......... .......... ..........  4% 1.48M 12s
   650K .......... .......... .......... .......... ..........  4% 1.28M 12s
   700K .......... .......... .......... .......... ..........  4% 1.11M 12s
   750K .......... .......... .......... .......... ..........  5% 1.26M 12s
   800K .......... .......... .......... .......... ..........  5% 1.30M 12s
   850K .......... .......... .......... .......... ..........  5% 1.30M 12s
   900K .......... .......... .......... .......... ..........  5% 1.15M 12s
   950K .......... .......... .......... .......... ..........  6% 1.63M 11s
  1000K .......... .......... .......... .......... ..........  6%  215K 14s
  1050K .......... .......... .......... .......... ..........  6% 1.42M 14s
  1100K .......... .......... .......... .......... ..........  7% 1.33M 14s
  1150K .......... .......... .......... .......... ..........  7% 1.25M 14s
  1200K .......... .......... .......... .......... ..........  7% 1.27M 13s
  1250K .......... .......... .......... .......... ..........  8% 1.29M 13s
  1300K .......... .......... .......... .......... ..........  8% 1.25M 13s
  1350K .......... .......... .......... .......... ..........  8% 1.34M 13s
  1400K .......... .......... .......... .......... ..........  9% 1.33M 13s
  1450K .......... .......... .......... .......... ..........  9% 1.33M 13s
  1500K .......... .......... .......... .......... ..........  9%  650K 13s
  1550K .......... .......... .......... .......... .......... 10% 1.40M 13s
  1600K .......... .......... .......... .......... .......... 10% 1.35M 13s
  1650K .......... .......... .......... .......... .......... 10% 1.38M 13s
  1700K .......... .......... .......... .......... .......... 11% 1.15M 13s
  1750K .......... .......... .......... .......... .......... 11% 1.35M 13s
  1800K .......... .......... .......... .......... .......... 11% 1.45M 12s
  1850K .......... .......... .......... .......... .......... 11% 1.26M 12s
  1900K .......... .......... .......... .......... .......... 12% 1.18M 12s
  1950K .......... .......... .......... .......... .......... 12% 1.33M 12s
  2000K .......... .......... .......... .......... .......... 12% 1.42M 12s
  2050K .......... .......... .......... .......... .......... 13% 1.39M 12s
  2100K .......... .......... .......... .......... .......... 13% 1.24M 12s
  2150K .......... .......... .......... .......... .......... 13% 1.35M 12s
  2200K .......... .......... .......... .......... .......... 14% 1.37M 12s
  2250K .......... .......... .......... .......... .......... 14% 1.35M 12s
  2300K .......... .......... .......... .......... .......... 14% 1.16M 12s
  2350K .......... .......... .......... .......... .......... 15% 1.35M 11s
  2400K .......... .......... .......... .......... .......... 15% 1.36M 11s
  2450K .......... .......... .......... .......... .......... 15% 1.33M 11s
  2500K .......... .......... .......... .......... .......... 16% 1.17M 11s
  2550K .......... .......... .......... .......... .......... 16% 1.34M 11s
  2600K .......... .......... .......... .......... .......... 16% 1.33M 11s
  2650K .......... .......... .......... .......... .......... 17% 1.33M 11s
  2700K .......... .......... .......... .......... .......... 17% 1.19M 11s
  2750K .......... .......... .......... .......... .......... 17% 1.34M 11s
  2800K .......... .......... .......... .......... .......... 17% 1.46M 11s
  2850K .......... .......... .......... .......... .......... 18% 1.52M 11s
  2900K .......... .......... .......... .......... .......... 18% 1.58M 11s
  2950K .......... .......... .......... .......... .......... 18% 1.64M 11s
  3000K .......... .......... .......... .......... .......... 19% 1.42M 11s
  3050K .......... .......... .......... .......... .......... 19% 1.40M 10s
  3100K .......... .......... .......... .......... .......... 19% 1.30M 10s
  3150K .......... .......... .......... .......... .......... 20% 1.77M 10s
  3200K .......... .......... .......... .......... .......... 20% 1.75M 10s
  3250K .......... .......... .......... .......... .......... 20% 1.75M 10s
  3300K .......... .......... .......... .......... .......... 21% 1.41M 10s
  3350K .......... .......... .......... .......... .......... 21% 1.48M 10s
  3400K .......... .......... .......... .......... .......... 21% 1.77M 10s
  3450K .......... .......... .......... .......... .......... 22% 1.85M 10s
  3500K .......... .......... .......... .......... .......... 22% 1.23M 10s
  3550K .......... .......... .......... .......... .......... 22% 1.21M 10s
  3600K .......... .......... .......... .......... .......... 23% 1.33M 10s
  3650K .......... .......... .......... .......... .......... 23% 1.44M 10s
  3700K .......... .......... .......... .......... .......... 23% 1.32M 10s
  3750K .......... .......... .......... .......... .......... 23% 1.37M 10s
  3800K .......... .......... .......... .......... .......... 24% 1.37M 9s
  3850K .......... .......... .......... .......... .......... 24% 1.45M 9s
  3900K .......... .......... .......... .......... .......... 24% 1.21M 9s
  3950K .......... .......... .......... .......... .......... 25% 1.40M 9s
  4000K .......... .......... .......... .......... .......... 25% 1.33M 9s
  4050K .......... .......... .......... .......... .......... 25% 1.37M 9s
  4100K .......... .......... .......... .......... .......... 26% 1.21M 9s
  4150K .......... .......... .......... .......... .......... 26% 1.33M 9s
  4200K .......... .......... .......... .......... .......... 26% 1.30M 9s
  4250K .......... .......... .......... .......... .......... 27% 1.34M 9s
  4300K .......... .......... .......... .......... .......... 27% 1.20M 9s
  4350K .......... .......... .......... .......... .......... 27% 1.78M 9s
  4400K .......... .......... .......... .......... .......... 28% 1.68M 9s
  4450K .......... .......... .......... .......... .......... 28% 1.63M 9s
  4500K .......... .......... .......... .......... .......... 28% 1.49M 9s
  4550K .......... .......... .......... .......... .......... 29% 1.38M 9s
  4600K .......... .......... .......... .......... .......... 29% 1.30M 9s
  4650K .......... .......... .......... .......... .......... 29% 1.41M 9s
  4700K .......... .......... .......... .......... .......... 29% 1.15M 9s
  4750K .......... .......... .......... .......... .......... 30% 1.41M 9s
  4800K .......... .......... .......... .......... .......... 30% 1.25M 9s
  4850K .......... .......... .......... .......... .......... 30% 1.29M 8s
  4900K .......... .......... .......... .......... .......... 31% 1.18M 8s
  4950K .......... .......... .......... .......... .......... 31% 1.31M 8s
  5000K .......... .......... .......... .......... .......... 31% 1.32M 8s
  5050K .......... .......... .......... .......... .......... 32% 1.32M 8s
  5100K .......... .......... .......... .......... .......... 32% 1.13M 8s
  5150K .......... .......... .......... .......... .......... 32% 1.26M 8s
  5200K .......... .......... .......... .......... .......... 33% 1.28M 8s
  5250K .......... .......... .......... .......... .......... 33% 1.30M 8s
  5300K .......... .......... .......... .......... .......... 33% 1.17M 8s
  5350K .......... .......... .......... .......... .......... 34% 1.35M 8s
  5400K .......... .......... .......... .......... .......... 34% 1.33M 8s
  5450K .......... .......... .......... .......... .......... 34% 1.32M 8s
  5500K .......... .......... .......... .......... .......... 35% 1.18M 8s
  5550K .......... .......... .......... .......... .......... 35% 1.29M 8s
  5600K .......... .......... .......... .......... .......... 35% 1.27M 8s
  5650K .......... .......... .......... .......... .......... 35% 1.38M 8s
  5700K .......... .......... .......... .......... .......... 36% 1.20M 8s
  5750K .......... .......... .......... .......... .......... 36% 1.32M 8s
  5800K .......... .......... .......... .......... .......... 36% 1.41M 8s
  5850K .......... .......... .......... .......... .......... 37% 1.35M 8s
  5900K .......... .......... .......... .......... .......... 37% 1.23M 8s
  5950K .......... .......... .......... .......... .......... 37% 1.56M 8s
  6000K .......... .......... .......... .......... .......... 38% 1.60M 8s
  6050K .......... .......... .......... .......... .......... 38% 1.34M 8s
  6100K .......... .......... .......... .......... .......... 38% 1.17M 7s
  6150K .......... .......... .......... .......... .......... 39% 1.35M 7s
  6200K .......... .......... .......... .......... .......... 39% 1.40M 7s
  6250K .......... .......... .......... .......... .......... 39% 1.36M 7s
  6300K .......... .......... .......... .......... .......... 40% 1.19M 7s
  6350K .......... .......... .......... .......... .......... 40% 1.39M 7s
  6400K .......... .......... .......... .......... .......... 40% 1.37M 7s
  6450K .......... .......... .......... .......... .......... 41% 1.35M 7s
  6500K .......... .......... .......... .......... .......... 41% 1.21M 7s
  6550K .......... .......... .......... .......... .......... 41% 1.37M 7s
  6600K .......... .......... .......... .......... .......... 41% 1.35M 7s
  6650K .......... .......... .......... .......... .......... 42% 1.32M 7s
  6700K .......... .......... .......... .......... .......... 42% 1.12M 7s
  6750K .......... .......... .......... .......... .......... 42% 1.39M 7s
  6800K .......... .......... .......... .......... .......... 43% 1.36M 7s
  6850K .......... .......... .......... .......... .......... 43% 1.35M 7s
  6900K .......... .......... .......... .......... .......... 43% 1.17M 7s
  6950K .......... .......... .......... .......... .......... 44% 1.14M 7s
  7000K .......... .......... .......... .......... .......... 44% 1.17M 7s
  7050K .......... .......... .......... .......... .......... 44% 1.26M 7s
  7100K .......... .......... .......... .......... .......... 45% 1.14M 7s
  7150K .......... .......... .......... .......... .......... 45% 1.36M 7s
  7200K .......... .......... .......... .......... .......... 45% 1.34M 7s
  7250K .......... .......... .......... .......... .......... 46% 1.25M 7s
  7300K .......... .......... .......... .......... .......... 46% 1.11M 7s
  7350K .......... .......... .......... .......... .......... 46% 1.53M 6s
  7400K .......... .......... .......... .......... .......... 47% 1.39M 6s
  7450K .......... .......... .......... .......... .......... 47% 1.37M 6s
  7500K .......... .......... .......... .......... .......... 47% 1.19M 6s
  7550K .......... .......... .......... .......... .......... 47% 1.50M 6s
  7600K .......... .......... .......... .......... .......... 48% 1.41M 6s
  7650K .......... .......... .......... .......... .......... 48% 1.28M 6s
  7700K .......... .......... .......... .......... .......... 48% 1.19M 6s
  7750K .......... .......... .......... .......... .......... 49% 1.34M 6s
  7800K .......... .......... .......... .......... .......... 49% 1.32M 6s
  7850K .......... .......... .......... .......... .......... 49% 1.32M 6s
  7900K .......... .......... .......... .......... .......... 50% 1.19M 6s
  7950K .......... .......... .......... .......... .......... 50% 1.34M 6s
  8000K .......... .......... .......... .......... .......... 50% 1.39M 6s
  8050K .......... .......... .......... .......... .......... 51% 1.41M 6s
  8100K .......... .......... .......... .......... .......... 51% 1.24M 6s
  8150K .......... .......... .......... .......... .......... 51% 1.37M 6s
  8200K .......... .......... .......... .......... .......... 52% 1.35M 6s
  8250K .......... .......... .......... .......... .......... 52% 1.12M 6s
  8300K .......... .......... .......... .......... .......... 52% 1.16M 6s
  8350K .......... .......... .......... .......... .......... 53% 1.31M 6s
  8400K .......... .......... .......... .......... .......... 53% 1.30M 6s
  8450K .......... .......... .......... .......... .......... 53% 1.27M 6s
  8500K .......... .......... .......... .......... .......... 53% 1.21M 6s
  8550K .......... .......... .......... .......... .......... 54% 1.27M 6s
  8600K .......... .......... .......... .......... .......... 54% 1.33M 6s
  8650K .......... .......... .......... .......... .......... 54% 1.33M 5s
  8700K .......... .......... .......... .......... .......... 55% 1.25M 5s
  8750K .......... .......... .......... .......... .......... 55% 1.17M 5s
  8800K .......... .......... .......... .......... .......... 55% 1.30M 5s
  8850K .......... .......... .......... .......... .......... 56% 1.27M 5s
  8900K .......... .......... .......... .......... .......... 56% 1.22M 5s
  8950K .......... .......... .......... .......... .......... 56% 1.27M 5s
  9000K .......... .......... .......... .......... .......... 57% 1.27M 5s
  9050K .......... .......... .......... .......... .......... 57% 1.32M 5s
  9100K .......... .......... .......... .......... .......... 57% 1.13M 5s
  9150K .......... .......... .......... .......... .......... 58% 1.35M 5s
  9200K .......... .......... .......... .......... .......... 58% 1.30M 5s
  9250K .......... .......... .......... .......... .......... 58% 1.28M 5s
  9300K .......... .......... .......... .......... .......... 59% 1.18M 5s
  9350K .......... .......... .......... .......... .......... 59% 1.33M 5s
  9400K .......... .......... .......... .......... .......... 59% 1.26M 5s
  9450K .......... .......... .......... .......... .......... 59% 1.26M 5s
  9500K .......... .......... .......... .......... .......... 60% 1.09M 5s
  9550K .......... .......... .......... .......... .......... 60% 1.26M 5s
  9600K .......... .......... .......... .......... .......... 60% 1.29M 5s
  9650K .......... .......... .......... .......... .......... 61% 1.30M 5s
  9700K .......... .......... .......... .......... .......... 61% 1.06M 5s
  9750K .......... .......... .......... .......... .......... 61% 1.14M 5s
  9800K .......... .......... .......... .......... .......... 62% 1.34M 5s
  9850K .......... .......... .......... .......... .......... 62% 1.20M 5s
  9900K .......... .......... .......... .......... .......... 62% 1.49M 5s
  9950K .......... .......... .......... .......... .......... 63% 1.72M 4s
 10000K .......... .......... .......... .......... .......... 63% 1.55M 4s
 10050K .......... .......... .......... .......... .......... 63% 1.29M 4s
 10100K .......... .......... .......... .......... .......... 64% 1.11M 4s
 10150K .......... .......... .......... .......... .......... 64% 1.35M 4s
 10200K .......... .......... .......... .......... .......... 64% 1.54M 4s
 10250K .......... .......... .......... .......... .......... 65% 1.42M 4s
 10300K .......... .......... .......... .......... .......... 65% 1.14M 4s
 10350K .......... .......... .......... .......... .......... 65% 1.31M 4s
 10400K .......... .......... .......... .......... .......... 65% 1.17M 4s
 10450K .......... .......... .......... .......... .......... 66% 1.28M 4s
 10500K .......... .......... .......... .......... .......... 66% 1.18M 4s
 10550K .......... .......... .......... .......... .......... 66% 1.28M 4s
 10600K .......... .......... .......... .......... .......... 67% 1.27M 4s
 10650K .......... .......... .......... .......... .......... 67% 1.27M 4s
 10700K .......... .......... .......... .......... .......... 67% 1.09M 4s
 10750K .......... .......... .......... .......... .......... 68% 1.32M 4s
 10800K .......... .......... .......... .......... .......... 68% 1.55M 4s
 10850K .......... .......... .......... .......... .......... 68% 1.56M 4s
 10900K .......... .......... .......... .......... .......... 69% 1.46M 4s
 10950K .......... .......... .......... .......... .......... 69% 1.40M 4s
 11000K .......... .......... .......... .......... .......... 69% 1.63M 4s
 11050K .......... .......... .......... .......... .......... 70% 1.27M 4s
 11100K .......... .......... .......... .......... .......... 70% 1.27M 4s
 11150K .......... .......... .......... .......... .......... 70% 1.47M 4s
 11200K .......... .......... .......... .......... .......... 71% 1.35M 4s
 11250K .......... .......... .......... .......... .......... 71% 1.46M 3s
 11300K .......... .......... .......... .......... .......... 71% 1.33M 3s
 11350K .......... .......... .......... .......... .......... 71% 1.56M 3s
 11400K .......... .......... .......... .......... .......... 72% 1.59M 3s
 11450K .......... .......... .......... .......... .......... 72% 1.58M 3s
 11500K .......... .......... .......... .......... .......... 72% 1.36M 3s
 11550K .......... .......... .......... .......... .......... 73% 1.67M 3s
 11600K .......... .......... .......... .......... .......... 73% 1.79M 3s
 11650K .......... .......... .......... .......... .......... 73% 1.73M 3s
 11700K .......... .......... .......... .......... .......... 74% 1.45M 3s
 11750K .......... .......... .......... .......... .......... 74% 1.60M 3s
 11800K .......... .......... .......... .......... .......... 74% 1.55M 3s
 11850K .......... .......... .......... .......... .......... 75% 1.53M 3s
 11900K .......... .......... .......... .......... .......... 75% 1.35M 3s
 11950K .......... .......... .......... .......... .......... 75% 1.59M 3s
 12000K .......... .......... .......... .......... .......... 76% 1.63M 3s
 12050K .......... .......... .......... .......... .......... 76% 1.64M 3s
 12100K .......... .......... .......... .......... .......... 76% 1.26M 3s
 12150K .......... .......... .......... .......... .......... 77% 1.57M 3s
 12200K .......... .......... .......... .......... .......... 77% 1.71M 3s
 12250K .......... .......... .......... .......... .......... 77% 1.45M 3s
 12300K .......... .......... .......... .......... .......... 77% 1.32M 3s
 12350K .......... .......... .......... .......... .......... 78% 1.51M 3s
 12400K .......... .......... .......... .......... .......... 78% 1.42M 3s
 12450K .......... .......... .......... .......... .......... 78% 1.55M 3s
 12500K .......... .......... .......... .......... .......... 79% 1.40M 2s
 12550K .......... .......... .......... .......... .......... 79% 1.59M 2s
 12600K .......... .......... .......... .......... .......... 79% 1.61M 2s
 12650K .......... .......... .......... .......... .......... 80% 1.54M 2s
 12700K .......... .......... .......... .......... .......... 80% 1.35M 2s
 12750K .......... .......... .......... .......... .......... 80% 1.58M 2s
 12800K .......... .......... .......... .......... .......... 81% 1.57M 2s
 12850K .......... .......... .......... .......... .......... 81% 1.57M 2s
 12900K .......... .......... .......... .......... .......... 81% 1.44M 2s
 12950K .......... .......... .......... .......... .......... 82% 1.87M 2s
 13000K .......... .......... .......... .......... .......... 82% 1.62M 2s
 13050K .......... .......... .......... .......... .......... 82% 1.60M 2s
 13100K .......... .......... .......... .......... .......... 83% 1.37M 2s
 13150K .......... .......... .......... .......... .......... 83% 1.54M 2s
 13200K .......... .......... .......... .......... .......... 83% 1.82M 2s
 13250K .......... .......... .......... .......... .......... 83% 1.56M 2s
 13300K .......... .......... .......... .......... .......... 84% 1.32M 2s
 13350K .......... .......... .......... .......... .......... 84% 1.59M 2s
 13400K .......... .......... .......... .......... .......... 84% 1.44M 2s
 13450K .......... .......... .......... .......... .......... 85% 1.65M 2s
 13500K .......... .......... .......... .......... .......... 85% 1.34M 2s
 13550K .......... .......... .......... .......... .......... 85% 1.54M 2s
 13600K .......... .......... .......... .......... .......... 86% 1.57M 2s
 13650K .......... .......... .......... .......... .......... 86% 1.59M 2s
 13700K .......... .......... .......... .......... .......... 86% 1.40M 2s
 13750K .......... .......... .......... .......... .......... 87% 1.53M 2s
 13800K .......... .......... .......... .......... .......... 87% 1.54M 1s
 13850K .......... .......... .......... .......... .......... 87% 1.64M 1s
 13900K .......... .......... .......... .......... .......... 88% 1.42M 1s
 13950K .......... .......... .......... .......... .......... 88% 1.61M 1s
 14000K .......... .......... .......... .......... .......... 88% 1.53M 1s
 14050K .......... .......... .......... .......... .......... 89% 1.67M 1s
 14100K .......... .......... .......... .......... .......... 89% 1.50M 1s
 14150K .......... .......... .......... .......... .......... 89% 1.68M 1s
 14200K .......... .......... .......... .......... .......... 89% 1.66M 1s
 14250K .......... .......... .......... .......... .......... 90% 1.64M 1s
 14300K .......... .......... .......... .......... .......... 90% 1.40M 1s
 14350K .......... .......... .......... .......... .......... 90% 1.56M 1s
 14400K .......... .......... .......... .......... .......... 91% 1.57M 1s
 14450K .......... .......... .......... .......... .......... 91% 1.54M 1s
 14500K .......... .......... .......... .......... .......... 91% 1.49M 1s
 14550K .......... .......... .......... .......... .......... 92% 1.77M 1s
 14600K .......... .......... .......... .......... .......... 92% 1.63M 1s
 14650K .......... .......... .......... .......... .......... 92% 1.55M 1s
 14700K .......... .......... .......... .......... .......... 93% 1.17M 1s
 14750K .......... .......... .......... .......... .......... 93% 1.67M 1s
 14800K .......... .......... .......... .......... .......... 93% 1.81M 1s
 14850K .......... .......... .......... .......... .......... 94% 1.64M 1s
 14900K .......... .......... .......... .......... .......... 94% 1.41M 1s
 14950K .......... .......... .......... .......... .......... 94% 1.64M 1s
 15000K .......... .......... .......... .......... .......... 95% 1.61M 1s
 15050K .......... .......... .......... .......... .......... 95% 1.62M 1s
 15100K .......... .......... .......... .......... .......... 95% 1.42M 1s
 15150K .......... .......... .......... .......... .......... 95% 1.65M 0s
 15200K .......... .......... .......... .......... .......... 96% 1.68M 0s
 15250K .......... .......... .......... .......... .......... 96% 1.61M 0s
 15300K .......... .......... .......... .......... .......... 96% 1.37M 0s
 15350K .......... .......... .......... .......... .......... 97% 1.63M 0s
 15400K .......... .......... .......... .......... .......... 97% 1.63M 0s
 15450K .......... .......... .......... .......... .......... 97% 1.66M 0s
 15500K .......... .......... .......... .......... .......... 98% 1.47M 0s
 15550K .......... .......... .......... .......... .......... 98% 1.67M 0s
 15600K .......... .......... .......... .......... .......... 98% 1.69M 0s
 15650K .......... .......... .......... .......... .......... 99% 1.70M 0s
 15700K .......... .......... .......... .......... .......... 99% 1.48M 0s
 15750K .......... .......... .......... .......... .......... 99% 1.72M 0s
 15800K .......... .......... .......... ......               100% 1.47M=12s

2024-04-29 13:35:21 (1.34 MB/s) - 'Gallicorpora+_best.mlmodel' saved [16216786/16216786]

KETOS training
scikit-learn version 1.2.2 is not supported. Minimum required version: 0.17. Maximum required version: 1.1.2. Disabling scikit-learn conversion API.
Torch version 2.1.2+cu121 has not been tested with coremltools. You may run into unexpected errors. Torch 2.0.0 is the most recent version that has been tested.
[04/29/24 13:37:19] WARNING  Text line " " is empty after     recognition.py:371
                             transformations                                    
[04/29/24 13:37:20] WARNING  No boundary given for line       recognition.py:371
[04/29/24 13:37:21] WARNING  No boundary given for line       recognition.py:371
                    WARNING  The model will be flagged to use recognition.py:319
                             new polygon extractor.                             
GPU available: True (cuda), used: True
TPU available: False, using: 0 TPU cores
IPU available: False, using: 0 IPUs
HPU available: False, using: 0 HPUs
`Trainer(val_check_interval=1.0)` was configured so validation will run at the end of the training epoch..
[04/29/24 13:37:26] WARNING  Neural network has been trained on     train.py:628
                             mode L images, training set contains               
                             mode 1 data. Consider setting                      
                             `force_binarization`                               
LOCAL_RANK: 0 - CUDA_VISIBLE_DEVICES: [0]
┏━━━━┳━━━━━━━━━━━┳━━━━━━━━━━━━━━━━━┳━━━━━━━━┳━━━━━━━━━━━━━━━━┳━━━━━━━━━━━━━━━━━┓
┃    ┃ Name      ┃ Type            ┃ Params ┃       In sizes ┃       Out sizes ┃
┡━━━━╇━━━━━━━━━━━╇━━━━━━━━━━━━━━━━━╇━━━━━━━━╇━━━━━━━━━━━━━━━━╇━━━━━━━━━━━━━━━━━┩
│ 0  │ val_cer   │ CharErrorRate   │      0 │              ? │               ? │
│ 1  │ val_wer   │ WordErrorRate   │      0 │              ? │               ? │
│ 2  │ net       │ MultiParamSequ… │  4.1 M │   [[1, 1, 120, │    [[1, 196, 1, │
│    │           │                 │        │     400], '?'] │       50], '?'] │
│ 3  │ net.C_0   │ ActConv2D       │  1.3 K │   [[1, 1, 120, │   [[1, 32, 120, │
│    │           │                 │        │     400], '?', │      400], '?'] │
│    │           │                 │        │           '?'] │                 │
│ 4  │ net.Do_1  │ Dropout         │      0 │  [[1, 32, 120, │   [[1, 32, 120, │
│    │           │                 │        │     400], '?', │      400], '?'] │
│    │           │                 │        │           '?'] │                 │
│ 5  │ net.Mp_2  │ MaxPool         │      0 │  [[1, 32, 120, │    [[1, 32, 60, │
│    │           │                 │        │     400], '?', │      200], '?'] │
│    │           │                 │        │           '?'] │                 │
│ 6  │ net.C_3   │ ActConv2D       │ 40.0 K │   [[1, 32, 60, │    [[1, 32, 60, │
│    │           │                 │        │     200], '?', │      200], '?'] │
│    │           │                 │        │           '?'] │                 │
│ 7  │ net.Do_4  │ Dropout         │      0 │   [[1, 32, 60, │    [[1, 32, 60, │
│    │           │                 │        │     200], '?', │      200], '?'] │
│    │           │                 │        │           '?'] │                 │
│ 8  │ net.Mp_5  │ MaxPool         │      0 │   [[1, 32, 60, │    [[1, 32, 30, │
│    │           │                 │        │     200], '?', │      100], '?'] │
│    │           │                 │        │           '?'] │                 │
│ 9  │ net.C_6   │ ActConv2D       │ 55.4 K │   [[1, 32, 30, │    [[1, 64, 30, │
│    │           │                 │        │     100], '?', │      100], '?'] │
│    │           │                 │        │           '?'] │                 │
│ 10 │ net.Do_7  │ Dropout         │      0 │   [[1, 64, 30, │    [[1, 64, 30, │
│    │           │                 │        │     100], '?', │      100], '?'] │
│    │           │                 │        │           '?'] │                 │
│ 11 │ net.Mp_8  │ MaxPool         │      0 │   [[1, 64, 30, │    [[1, 64, 15, │
│    │           │                 │        │     100], '?', │       50], '?'] │
│    │           │                 │        │           '?'] │                 │
│ 12 │ net.C_9   │ ActConv2D       │  110 K │   [[1, 64, 15, │    [[1, 64, 15, │
│    │           │                 │        │ 50], '?', '?'] │       50], '?'] │
│ 13 │ net.Do_10 │ Dropout         │      0 │   [[1, 64, 15, │    [[1, 64, 15, │
│    │           │                 │        │ 50], '?', '?'] │       50], '?'] │
│ 14 │ net.S_11  │ Reshape         │      0 │   [[1, 64, 15, │    [[1, 960, 1, │
│    │           │                 │        │ 50], '?', '?'] │       50], '?'] │
│ 15 │ net.L_12  │ TransposedSumm… │  1.9 M │   [[1, 960, 1, │    [[1, 400, 1, │
│    │           │                 │        │ 50], '?', '?'] │       50], '?'] │
│ 16 │ net.Do_13 │ Dropout         │      0 │   [[1, 400, 1, │    [[1, 400, 1, │
│    │           │                 │        │ 50], '?', '?'] │       50], '?'] │
│ 17 │ net.L_14  │ TransposedSumm… │  963 K │   [[1, 400, 1, │    [[1, 400, 1, │
│    │           │                 │        │ 50], '?', '?'] │       50], '?'] │
│ 18 │ net.Do_15 │ Dropout         │      0 │   [[1, 400, 1, │    [[1, 400, 1, │
│    │           │                 │        │ 50], '?', '?'] │       50], '?'] │
│ 19 │ net.L_16  │ TransposedSumm… │  963 K │   [[1, 400, 1, │    [[1, 400, 1, │
│    │           │                 │        │ 50], '?', '?'] │       50], '?'] │
│ 20 │ net.Do_17 │ Dropout         │      0 │   [[1, 400, 1, │    [[1, 400, 1, │
│    │           │                 │        │ 50], '?', '?'] │       50], '?'] │
│ 21 │ net.O_18  │ LinSoftmax      │ 78.6 K │   [[1, 400, 1, │    [[1, 196, 1, │
│    │           │                 │        │ 50], '?', '?'] │       50], '?'] │
└────┴───────────┴─────────────────┴────────┴────────────────┴─────────────────┘
Trainable params: 4.1 M                                                         
Non-trainable params: 0                                                         
Total params: 4.1 M                                                             
Total estimated model params size (MB): 16                                      
SLURM auto-requeueing enabled. Setting signal handlers.
[rank: 0] Seed set to 42
[rank: 0] Seed set to 42
[rank: 0] Seed set to 42
[rank: 0] Seed set to 42
[rank: 0] Seed set to 42
[rank: 0] Seed set to 42
[rank: 0] Seed set to 42
[rank: 0] Seed set to 42
[rank: 0] Seed set to 42
[rank: 0] Seed set to 42
[rank: 0] Seed set to 42
[rank: 0] Seed set to 42
[rank: 0] Seed set to 42
[rank: 0] Seed set to 42
[rank: 0] Seed set to 42
[rank: 0] Seed set to 42
stage 0/∞ ━━━━━━━━━━━ 25286/25286 0:27:21 •   12.42it/s val_accura… early_stopp…
                                  0:00:00               0.988       0/10 0.98789
                                                        val_word_a…             
                                                        0.941                   
[rank: 0] Seed set to 42
[rank: 0] Seed set to 42
[rank: 0] Seed set to 42
[rank: 0] Seed set to 42
[rank: 0] Seed set to 42
[rank: 0] Seed set to 42
[rank: 0] Seed set to 42
[rank: 0] Seed set to 42
stage 1/∞ ━━━━━━━━━━━ 25286/25286 0:27:53 •   12.94it/s val_accura… early_stopp…
                                  0:00:00               0.988       0/10 0.98818
                                                        val_word_a…             
                                                        0.941                   
[rank: 0] Seed set to 42
[rank: 0] Seed set to 42
[rank: 0] Seed set to 42
[rank: 0] Seed set to 42
[rank: 0] Seed set to 42
[rank: 0] Seed set to 42
[rank: 0] Seed set to 42
[rank: 0] Seed set to 42
stage 2/∞ ━━━━━━━━━━━ 25286/25286 0:27:59 •   16.16it/s val_accura… early_stopp…
                                  0:00:00               0.989       0/10 0.98915
                                                        val_word_a…             
                                                        0.946                   
[rank: 0] Seed set to 42
[rank: 0] Seed set to 42
[rank: 0] Seed set to 42
[rank: 0] Seed set to 42
[rank: 0] Seed set to 42
[rank: 0] Seed set to 42
[rank: 0] Seed set to 42
[rank: 0] Seed set to 42
stage 3/∞ ━━━━━━━━━━━ 25286/25286 0:27:39 •   15.98it/s val_accura… early_stopp…
                                  0:00:00               0.990       0/10 0.98960
                                                        val_word_a…             
                                                        0.948                   
[rank: 0] Seed set to 42
[rank: 0] Seed set to 42
[rank: 0] Seed set to 42
[rank: 0] Seed set to 42
[rank: 0] Seed set to 42
[rank: 0] Seed set to 42
[rank: 0] Seed set to 42
[rank: 0] Seed set to 42
stage 4/∞ ━━━━━━━━━━━ 25286/25286 0:27:48 •   16.81it/s val_accura… early_stopp…
                                  0:00:00               0.989       1/10 0.98960
                                                        val_word_a…             
                                                        0.947                   
[rank: 0] Seed set to 42
[rank: 0] Seed set to 42
[rank: 0] Seed set to 42
[rank: 0] Seed set to 42
[rank: 0] Seed set to 42
[rank: 0] Seed set to 42
[rank: 0] Seed set to 42
[rank: 0] Seed set to 42
stage 5/∞ ━━━━━━━━━━━ 25286/25286 0:27:39 •   19.85it/s val_accura… early_stopp…
                                  0:00:00               0.990       0/10 0.98973
                                                        val_word_a…             
                                                        0.948                   
[rank: 0] Seed set to 42
[rank: 0] Seed set to 42
[rank: 0] Seed set to 42
[rank: 0] Seed set to 42
[rank: 0] Seed set to 42
[rank: 0] Seed set to 42
[rank: 0] Seed set to 42
[rank: 0] Seed set to 42
stage 6/∞ ━━━━━━━━━━━ 25286/25286 0:28:22 •   15.78it/s val_accura… early_stopp…
                                  0:00:00               0.989       1/10 0.98973
                                                        val_word_a…             
                                                        0.947                   
[rank: 0] Seed set to 42
[rank: 0] Seed set to 42
[rank: 0] Seed set to 42
[rank: 0] Seed set to 42
[rank: 0] Seed set to 42
[rank: 0] Seed set to 42
[rank: 0] Seed set to 42
[rank: 0] Seed set to 42
stage 7/∞ ━━━━━━━━━━━ 25286/25286 0:28:21 •   12.52it/s val_accura… early_stopp…
                                  0:00:00               0.989       2/10 0.98973
                                                        val_word_a…             
                                                        0.947                   
[rank: 0] Seed set to 42
[rank: 0] Seed set to 42
[rank: 0] Seed set to 42
[rank: 0] Seed set to 42
[rank: 0] Seed set to 42
[rank: 0] Seed set to 42
[rank: 0] Seed set to 42
[rank: 0] Seed set to 42
stage 8/∞ ━━━━━━━━━━━ 25286/25286 0:28:23 •   16.21it/s val_accura… early_stopp…
                                  0:00:00               0.990       3/10 0.98973
                                                        val_word_a…             
                                                        0.948                   
[rank: 0] Seed set to 42
[rank: 0] Seed set to 42
[rank: 0] Seed set to 42
[rank: 0] Seed set to 42
[rank: 0] Seed set to 42
[rank: 0] Seed set to 42
[rank: 0] Seed set to 42
[rank: 0] Seed set to 42
stage 9/∞ ━━━━━━━━━━━ 25286/25286 0:28:36 •   15.91it/s val_accura… early_stopp…
                                  0:00:00               0.990       4/10 0.98973
                                                        val_word_a…             
                                                        0.948                   
[rank: 0] Seed set to 42
[rank: 0] Seed set to 42
[rank: 0] Seed set to 42
[rank: 0] Seed set to 42
[rank: 0] Seed set to 42
[rank: 0] Seed set to 42
[rank: 0] Seed set to 42
[rank: 0] Seed set to 42
stage 10/∞ ━━━━━━━━━━━ 25286/25286 0:28:25 •   10.63it/s val_accura… early_stop…
                                   0:00:00               0.990       5/10       
                                                         val_word_a… 0.98973    
                                                         0.947                  
[rank: 0] Seed set to 42
[rank: 0] Seed set to 42
[rank: 0] Seed set to 42
[rank: 0] Seed set to 42
[rank: 0] Seed set to 42
[rank: 0] Seed set to 42
[rank: 0] Seed set to 42
[rank: 0] Seed set to 42
stage 11/∞ ━━━━━━━━━━━ 25286/25286 0:28:07 •   16.07it/s val_accura… early_stop…
                                   0:00:00               0.990       0/10       
                                                         val_word_a… 0.98991    
                                                         0.950                  
[rank: 0] Seed set to 42
[rank: 0] Seed set to 42
[rank: 0] Seed set to 42
[rank: 0] Seed set to 42
[rank: 0] Seed set to 42
[rank: 0] Seed set to 42
[rank: 0] Seed set to 42
[rank: 0] Seed set to 42
stage 12/∞ ━━━━━━━━━━━ 25286/25286 0:28:24 •   11.47it/s val_accura… early_stop…
                                   0:00:00               0.990       1/10       
                                                         val_word_a… 0.98991    
                                                         0.948                  
[rank: 0] Seed set to 42
[rank: 0] Seed set to 42
[rank: 0] Seed set to 42
[rank: 0] Seed set to 42
[rank: 0] Seed set to 42
[rank: 0] Seed set to 42
[rank: 0] Seed set to 42
[rank: 0] Seed set to 42
stage 13/∞ ━━━━━━━━━━━ 25286/25286 0:28:33 •   15.12it/s val_accura… early_stop…
                                   0:00:00               0.990       0/10       
                                                         val_word_a… 0.99009    
                                                         0.950                  
[rank: 0] Seed set to 42
[rank: 0] Seed set to 42
[rank: 0] Seed set to 42
[rank: 0] Seed set to 42
[rank: 0] Seed set to 42
[rank: 0] Seed set to 42
[rank: 0] Seed set to 42
[rank: 0] Seed set to 42
stage 14/∞ ━━━━━━━━━━━ 25286/25286 0:28:18 •   16.00it/s val_accura… early_stop…
                                   0:00:00               0.990       1/10       
                                                         val_word_a… 0.99009    
                                                         0.948                  
[rank: 0] Seed set to 42
[rank: 0] Seed set to 42
[rank: 0] Seed set to 42
[rank: 0] Seed set to 42
[rank: 0] Seed set to 42
[rank: 0] Seed set to 42
[rank: 0] Seed set to 42
[rank: 0] Seed set to 42
stage 15/∞ ━━━━━━━━━━━ 25286/25286 0:28:42 •   14.94it/s val_accura… early_stop…
                                   0:00:00               0.990       2/10       
                                                         val_word_a… 0.99009    
                                                         0.948                  
[rank: 0] Seed set to 42
[rank: 0] Seed set to 42
[rank: 0] Seed set to 42
[rank: 0] Seed set to 42
[rank: 0] Seed set to 42
[rank: 0] Seed set to 42
[rank: 0] Seed set to 42
[rank: 0] Seed set to 42
stage 16/∞ ━━━━━━━━━━━ 25286/25286 0:28:35 •   12.25it/s val_accura… early_stop…
                                   0:00:00               0.990       3/10       
                                                         val_word_a… 0.99009    
                                                         0.951                  
[rank: 0] Seed set to 42
[rank: 0] Seed set to 42
[rank: 0] Seed set to 42
[rank: 0] Seed set to 42
[rank: 0] Seed set to 42
[rank: 0] Seed set to 42
[rank: 0] Seed set to 42
[rank: 0] Seed set to 42
stage 17/∞ ━━━━━━━━━━━ 25286/25286 0:28:51 •   15.85it/s val_accura… early_stop…
                                   0:00:00               0.990       4/10       
                                                         val_word_a… 0.99009    
                                                         0.950                  
[rank: 0] Seed set to 42
[rank: 0] Seed set to 42
[rank: 0] Seed set to 42
[rank: 0] Seed set to 42
[rank: 0] Seed set to 42
[rank: 0] Seed set to 42
[rank: 0] Seed set to 42
[rank: 0] Seed set to 42
stage 18/∞ ━━━━━━━━━━━ 25286/25286 0:28:27 •   15.95it/s val_accura… early_stop…
                                   0:00:00               0.990       5/10       
                                                         val_word_a… 0.99009    
                                                         0.948                  
[rank: 0] Seed set to 42
[rank: 0] Seed set to 42
[rank: 0] Seed set to 42
[rank: 0] Seed set to 42
[rank: 0] Seed set to 42
[rank: 0] Seed set to 42
[rank: 0] Seed set to 42
[rank: 0] Seed set to 42
stage 19/∞ ━━━━━━━━━━━ 25286/25286 0:28:31 •   15.37it/s val_accura… early_stop…
                                   0:00:00               0.990       6/10       
                                                         val_word_a… 0.99009    
                                                         0.950                  
[rank: 0] Seed set to 42
[rank: 0] Seed set to 42
[rank: 0] Seed set to 42
[rank: 0] Seed set to 42
[rank: 0] Seed set to 42
[rank: 0] Seed set to 42
[rank: 0] Seed set to 42
[rank: 0] Seed set to 42
stage 20/∞ ━━━━━━━━━━━ 25286/25286 0:28:20 •   14.84it/s val_accura… early_stop…
                                   0:00:00               0.990       7/10       
                                                         val_word_a… 0.99009    
                                                         0.947                  
[rank: 0] Seed set to 42
[rank: 0] Seed set to 42
[rank: 0] Seed set to 42
[rank: 0] Seed set to 42
[rank: 0] Seed set to 42
[rank: 0] Seed set to 42
[rank: 0] Seed set to 42
[rank: 0] Seed set to 42
stage 21/∞ ━━━━━━━━━━━ 25286/25286 0:28:16 •   15.99it/s val_accura… early_stop…
                                   0:00:00               0.990       8/10       
                                                         val_word_a… 0.99009    
                                                         0.948                  
[rank: 0] Seed set to 42
[rank: 0] Seed set to 42
[rank: 0] Seed set to 42
[rank: 0] Seed set to 42
[rank: 0] Seed set to 42
[rank: 0] Seed set to 42
[rank: 0] Seed set to 42
[rank: 0] Seed set to 42
stage 22/∞ ━━━━━━━━━━━ 25286/25286 0:28:30 •   15.23it/s val_accura… early_stop…
                                   0:00:00               0.990       9/10       
                                                         val_word_a… 0.99009    
                                                         0.948                  
slurmstepd: error: *** JOB 9600298 ON gpu009 CANCELLED AT 2024-04-30T01:34:18 DUE TO TIME LIMIT ***
srun: Job step aborted: Waiting up to 92 seconds for job step to finish.
slurmstepd: error: *** STEP 9600298.0 ON gpu009 CANCELLED AT 2024-04-30T01:34:18 DUE TO TIME LIMIT ***
[rank: 0] Received SIGTERM: 15
Bypassing SIGTERM: 15
[rank: 0] Received SIGTERM: 15
Bypassing SIGTERM: 15
